2025-01-16 14:20:00 | INFO | repo=auction | action=commit
2025-11-26 17:40:00 | DEBUG | repo=auction | action=commit
2025-06-05 14:48:00 | DEBUG | repo=auction | action=edit | files=1
2025-02-25 11:14:00 | DEBUG | repo=auction | action=commit
2025-07-28 11:50:00 | INFO | repo=auction | action=commit
2025-01-26 15:38:00 | INFO | repo=auction | action=edit | files=1
2025-01-17 14:24:00 | WARN | repo=auction | action=commit
2025-04-08 19:50:00 | WARN | repo=auction | action=edit | files=2
2025-03-02 17:11:00 | WARN | repo=auction | action=commit
2025-07-04 19:26:00 | WARN | repo=auction | action=commit
2025-07-10 08:48:00 | DEBUG | repo=auction | action=pull
2025-12-03 19:15:00 | INFO | repo=auction | action=commit
2025-02-22 18:25:00 | DEBUG | repo=auction | action=commit
2025-03-01 18:20:00 | WARN | repo=auction | action=pull
2025-08-04 16:22:00 | INFO | repo=auction | action=edit | files=3
2025-09-09 13:17:00 | INFO | repo=auction | action=commit
2025-06-07 07:36:00 | DEBUG | repo=auction | action=commit
2025-10-01 21:43:00 | INFO | repo=auction | action=commit
2025-02-13 07:34:00 | WARN | repo=auction | action=test | passed=true
2025-01-20 07:44:00 | DEBUG | repo=auction | action=commit
2025-07-26 15:57:00 | DEBUG | repo=auction | action=commit
2025-12-28 13:55:00 | WARN | repo=auction | action=commit
2025-08-10 17:27:00 | WARN | repo=auction | action=commit
2025-05-18 16:20:00 | DEBUG | repo=auction | action=commit
2025-01-19 18:30:00 | WARN | repo=auction | action=commit
2025-10-15 21:23:00 | DEBUG | repo=auction | action=commit
2025-11-21 20:01:00 | WARN | repo=auction | action=commit
2025-08-28 11:03:00 | INFO | repo=auction | action=commit
2025-10-17 07:15:00 | INFO | repo=auction | action=commit
2025-10-15 07:21:00 | INFO | repo=auction | action=pull
2025-11-06 11:31:00 | DEBUG | repo=auction | action=test | passed=true
2025-10-12 21:35:00 | INFO | repo=auction | action=test | passed=true
2025-09-12 12:08:00 | INFO | repo=auction | action=commit
2025-01-08 20:17:00 | DEBUG | repo=auction | action=test | passed=true
2025-10-19 18:05:00 | DEBUG | repo=auction | action=commit
2025-02-27 17:29:00 | DEBUG | repo=auction | action=commit
2025-08-10 08:30:00 | DEBUG | repo=auction | action=commit
2025-07-08 15:57:00 | DEBUG | repo=auction | action=test | passed=true
2025-01-21 21:41:00 | INFO | repo=auction | action=commit
2025-05-16 14:34:00 | WARN | repo=auction | action=commit
2025-01-21 18:00:00 | WARN | repo=auction | action=test | passed=true
2025-02-15 11:42:00 | INFO | repo=auction | action=pull
2025-04-04 14:05:00 | DEBUG | repo=auction | action=commit
2025-06-13 18:56:00 | INFO | repo=auction | action=commit
2025-02-12 11:18:00 | WARN | repo=auction | action=test | passed=true
2025-03-23 10:58:00 | INFO | repo=auction | action=edit | files=2
2025-04-22 16:09:00 | INFO | repo=auction | action=commit
2025-02-19 11:53:00 | WARN | repo=auction | action=commit
2025-06-01 21:59:00 | DEBUG | repo=auction | action=test | passed=true
2025-10-21 13:16:00 | INFO | repo=auction | action=commit
